2025-08-25 21:02:11 | INFO     | DF | Running on torch 2.8.0+cpu
2025-08-25 21:02:11 | INFO     | DF | Running on host DESKTOP-Q7018BG
2025-08-25 21:02:11 | INFO     | DF | Loading model settings of DeepFilterNet3
2025-08-25 21:02:11 | INFO     | DF | Using DeepFilterNet3 model at C:\Users\dell\AppData\Local\DeepFilterNet\DeepFilterNet\Cache\DeepFilterNet3
2025-08-25 21:02:11 | INFO     | DF | Initializing model `deepfilternet3`
2025-08-25 21:02:11 | INFO     | DF | Found checkpoint C:\Users\dell\AppData\Local\DeepFilterNet\DeepFilterNet\Cache\DeepFilterNet3\checkpoints\model_120.ckpt.best with epoch 120
2025-08-25 21:02:11 | INFO     | DF | Running on device cpu
2025-08-25 21:02:11 | INFO     | DF | Model loaded
2025-08-25 21:04:13 | INFO     | DF | Running on torch 2.8.0+cpu
2025-08-25 21:04:13 | INFO     | DF | Running on host DESKTOP-Q7018BG
2025-08-25 21:04:14 | INFO     | DF | Loading model settings of DeepFilterNet3
2025-08-25 21:04:14 | INFO     | DF | Using DeepFilterNet3 model at C:\Users\dell\AppData\Local\DeepFilterNet\DeepFilterNet\Cache\DeepFilterNet3
2025-08-25 21:04:14 | INFO     | DF | Initializing model `deepfilternet3`
2025-08-25 21:04:14 | INFO     | DF | Found checkpoint C:\Users\dell\AppData\Local\DeepFilterNet\DeepFilterNet\Cache\DeepFilterNet3\checkpoints\model_120.ckpt.best with epoch 120
2025-08-25 21:04:14 | INFO     | DF | Running on device cpu
2025-08-25 21:04:14 | INFO     | DF | Model loaded
2025-08-25 21:07:40 | INFO     | DF | Running on torch 2.8.0+cpu
2025-08-25 21:07:40 | INFO     | DF | Running on host DESKTOP-Q7018BG
2025-08-25 21:07:40 | INFO     | DF | Loading model settings of DeepFilterNet3
2025-08-25 21:07:40 | INFO     | DF | Using DeepFilterNet3 model at C:\Users\dell\AppData\Local\DeepFilterNet\DeepFilterNet\Cache\DeepFilterNet3
2025-08-25 21:07:40 | INFO     | DF | Initializing model `deepfilternet3`
2025-08-25 21:07:40 | INFO     | DF | Found checkpoint C:\Users\dell\AppData\Local\DeepFilterNet\DeepFilterNet\Cache\DeepFilterNet3\checkpoints\model_120.ckpt.best with epoch 120
2025-08-25 21:07:40 | INFO     | DF | Running on device cpu
2025-08-25 21:07:40 | INFO     | DF | Model loaded
2025-08-25 21:09:51 | INFO     | DF | Running on torch 2.8.0+cpu
2025-08-25 21:09:51 | INFO     | DF | Running on host DESKTOP-Q7018BG
2025-08-25 21:09:51 | INFO     | DF | Loading model settings of DeepFilterNet3
2025-08-25 21:09:51 | INFO     | DF | Using DeepFilterNet3 model at C:\Users\dell\AppData\Local\DeepFilterNet\DeepFilterNet\Cache\DeepFilterNet3
2025-08-25 21:09:51 | INFO     | DF | Initializing model `deepfilternet3`
2025-08-25 21:09:51 | INFO     | DF | Found checkpoint C:\Users\dell\AppData\Local\DeepFilterNet\DeepFilterNet\Cache\DeepFilterNet3\checkpoints\model_120.ckpt.best with epoch 120
2025-08-25 21:09:51 | INFO     | DF | Running on device cpu
2025-08-25 21:09:51 | INFO     | DF | Model loaded
2025-08-25 21:10:46 | INFO     | DF | Running on torch 2.8.0+cpu
2025-08-25 21:10:46 | INFO     | DF | Running on host DESKTOP-Q7018BG
2025-08-25 21:10:46 | INFO     | DF | Loading model settings of DeepFilterNet3
2025-08-25 21:10:46 | INFO     | DF | Using DeepFilterNet3 model at C:\Users\dell\AppData\Local\DeepFilterNet\DeepFilterNet\Cache\DeepFilterNet3
2025-08-25 21:10:46 | INFO     | DF | Initializing model `deepfilternet3`
2025-08-25 21:10:46 | INFO     | DF | Found checkpoint C:\Users\dell\AppData\Local\DeepFilterNet\DeepFilterNet\Cache\DeepFilterNet3\checkpoints\model_120.ckpt.best with epoch 120
2025-08-25 21:10:46 | INFO     | DF | Running on device cpu
2025-08-25 21:10:46 | INFO     | DF | Model loaded
2025-08-25 21:23:32 | INFO     | DF | Running on torch 2.8.0+cpu
2025-08-25 21:23:32 | INFO     | DF | Running on host DESKTOP-Q7018BG
2025-08-25 21:23:32 | INFO     | DF | Loading model settings of DeepFilterNet3
2025-08-25 21:23:32 | INFO     | DF | Using DeepFilterNet3 model at C:\Users\dell\AppData\Local\DeepFilterNet\DeepFilterNet\Cache\DeepFilterNet3
2025-08-25 21:23:32 | INFO     | DF | Initializing model `deepfilternet3`
2025-08-25 21:23:32 | INFO     | DF | Found checkpoint C:\Users\dell\AppData\Local\DeepFilterNet\DeepFilterNet\Cache\DeepFilterNet3\checkpoints\model_120.ckpt.best with epoch 120
2025-08-25 21:23:32 | INFO     | DF | Running on device cpu
2025-08-25 21:23:32 | INFO     | DF | Model loaded
2025-08-25 21:45:22 | INFO     | DF | Running on torch 2.8.0+cpu
2025-08-25 21:45:22 | INFO     | DF | Running on host DESKTOP-Q7018BG
2025-08-25 21:45:23 | INFO     | DF | Loading model settings of DeepFilterNet3
2025-08-25 21:45:23 | INFO     | DF | Using DeepFilterNet3 model at C:\Users\dell\AppData\Local\DeepFilterNet\DeepFilterNet\Cache\DeepFilterNet3
2025-08-25 21:45:23 | INFO     | DF | Initializing model `deepfilternet3`
2025-08-25 21:45:23 | INFO     | DF | Found checkpoint C:\Users\dell\AppData\Local\DeepFilterNet\DeepFilterNet\Cache\DeepFilterNet3\checkpoints\model_120.ckpt.best with epoch 120
2025-08-25 21:45:23 | INFO     | DF | Running on device cpu
2025-08-25 21:45:23 | INFO     | DF | Model loaded
2025-08-25 21:56:43 | INFO     | DF | Running on torch 2.8.0+cpu
2025-08-25 21:56:43 | INFO     | DF | Running on host DESKTOP-Q7018BG
2025-08-25 21:56:43 | INFO     | DF | Loading model settings of DeepFilterNet3
2025-08-25 21:56:43 | INFO     | DF | Using DeepFilterNet3 model at C:\Users\dell\AppData\Local\DeepFilterNet\DeepFilterNet\Cache\DeepFilterNet3
2025-08-25 21:56:43 | INFO     | DF | Initializing model `deepfilternet3`
2025-08-25 21:56:43 | INFO     | DF | Found checkpoint C:\Users\dell\AppData\Local\DeepFilterNet\DeepFilterNet\Cache\DeepFilterNet3\checkpoints\model_120.ckpt.best with epoch 120
2025-08-25 21:56:43 | INFO     | DF | Running on device cpu
2025-08-25 21:56:43 | INFO     | DF | Model loaded
2025-08-25 22:03:55 | INFO     | DF | Running on torch 2.8.0+cpu
2025-08-25 22:03:55 | INFO     | DF | Running on host DESKTOP-Q7018BG
2025-08-25 22:03:55 | INFO     | DF | Loading model settings of DeepFilterNet3
2025-08-25 22:03:55 | INFO     | DF | Using DeepFilterNet3 model at C:\Users\dell\AppData\Local\DeepFilterNet\DeepFilterNet\Cache\DeepFilterNet3
2025-08-25 22:03:55 | INFO     | DF | Initializing model `deepfilternet3`
2025-08-25 22:03:55 | INFO     | DF | Found checkpoint C:\Users\dell\AppData\Local\DeepFilterNet\DeepFilterNet\Cache\DeepFilterNet3\checkpoints\model_120.ckpt.best with epoch 120
2025-08-25 22:03:56 | INFO     | DF | Running on device cpu
2025-08-25 22:03:56 | INFO     | DF | Model loaded
2025-08-25 22:11:02 | INFO     | DF | Running on torch 2.8.0+cpu
2025-08-25 22:11:02 | INFO     | DF | Running on host DESKTOP-Q7018BG
2025-08-25 22:11:03 | INFO     | DF | Loading model settings of DeepFilterNet3
2025-08-25 22:11:03 | INFO     | DF | Using DeepFilterNet3 model at C:\Users\dell\AppData\Local\DeepFilterNet\DeepFilterNet\Cache\DeepFilterNet3
2025-08-25 22:11:03 | INFO     | DF | Initializing model `deepfilternet3`
2025-08-25 22:11:03 | INFO     | DF | Found checkpoint C:\Users\dell\AppData\Local\DeepFilterNet\DeepFilterNet\Cache\DeepFilterNet3\checkpoints\model_120.ckpt.best with epoch 120
2025-08-25 22:11:03 | INFO     | DF | Running on device cpu
2025-08-25 22:11:03 | INFO     | DF | Model loaded
2025-08-26 20:26:08 | INFO     | DF | Running on torch 2.8.0+cpu
2025-08-26 20:26:08 | INFO     | DF | Running on host DESKTOP-Q7018BG
2025-08-26 20:26:08 | INFO     | DF | Loading model settings of DeepFilterNet3
2025-08-26 20:26:08 | INFO     | DF | Using DeepFilterNet3 model at C:\Users\dell\AppData\Local\DeepFilterNet\DeepFilterNet\Cache\DeepFilterNet3
2025-08-26 20:26:08 | INFO     | DF | Initializing model `deepfilternet3`
2025-08-26 20:26:08 | INFO     | DF | Found checkpoint C:\Users\dell\AppData\Local\DeepFilterNet\DeepFilterNet\Cache\DeepFilterNet3\checkpoints\model_120.ckpt.best with epoch 120
2025-08-26 20:26:08 | INFO     | DF | Running on device cpu
2025-08-26 20:26:08 | INFO     | DF | Model loaded
2025-08-26 20:35:02 | INFO     | DF | Running on torch 2.8.0+cpu
2025-08-26 20:35:02 | INFO     | DF | Running on host DESKTOP-Q7018BG
2025-08-26 20:35:02 | INFO     | DF | Loading model settings of DeepFilterNet3
2025-08-26 20:35:02 | INFO     | DF | Using DeepFilterNet3 model at C:\Users\dell\AppData\Local\DeepFilterNet\DeepFilterNet\Cache\DeepFilterNet3
2025-08-26 20:35:02 | INFO     | DF | Initializing model `deepfilternet3`
2025-08-26 20:35:02 | INFO     | DF | Found checkpoint C:\Users\dell\AppData\Local\DeepFilterNet\DeepFilterNet\Cache\DeepFilterNet3\checkpoints\model_120.ckpt.best with epoch 120
2025-08-26 20:35:02 | INFO     | DF | Running on device cpu
2025-08-26 20:35:02 | INFO     | DF | Model loaded
2025-08-26 20:38:35 | INFO     | DF | Running on torch 2.8.0+cpu
2025-08-26 20:38:35 | INFO     | DF | Running on host DESKTOP-Q7018BG
2025-08-26 20:38:35 | INFO     | DF | Loading model settings of DeepFilterNet3
2025-08-26 20:38:35 | INFO     | DF | Using DeepFilterNet3 model at C:\Users\dell\AppData\Local\DeepFilterNet\DeepFilterNet\Cache\DeepFilterNet3
2025-08-26 20:38:35 | INFO     | DF | Initializing model `deepfilternet3`
2025-08-26 20:38:35 | INFO     | DF | Found checkpoint C:\Users\dell\AppData\Local\DeepFilterNet\DeepFilterNet\Cache\DeepFilterNet3\checkpoints\model_120.ckpt.best with epoch 120
2025-08-26 20:38:36 | INFO     | DF | Running on device cpu
2025-08-26 20:38:36 | INFO     | DF | Model loaded
2025-08-26 20:46:29 | INFO     | DF | Running on torch 2.8.0+cpu
2025-08-26 20:46:29 | INFO     | DF | Running on host DESKTOP-Q7018BG
2025-08-26 20:46:29 | INFO     | DF | Loading model settings of DeepFilterNet3
2025-08-26 20:46:29 | INFO     | DF | Using DeepFilterNet3 model at C:\Users\dell\AppData\Local\DeepFilterNet\DeepFilterNet\Cache\DeepFilterNet3
2025-08-26 20:46:29 | INFO     | DF | Initializing model `deepfilternet3`
2025-08-26 20:46:29 | INFO     | DF | Found checkpoint C:\Users\dell\AppData\Local\DeepFilterNet\DeepFilterNet\Cache\DeepFilterNet3\checkpoints\model_120.ckpt.best with epoch 120
2025-08-26 20:46:29 | INFO     | DF | Running on device cpu
2025-08-26 20:46:29 | INFO     | DF | Model loaded
2025-08-26 20:47:49 | INFO     | DF | Running on torch 2.8.0+cpu
2025-08-26 20:47:49 | INFO     | DF | Running on host DESKTOP-Q7018BG
2025-08-26 20:47:49 | INFO     | DF | Loading model settings of DeepFilterNet3
2025-08-26 20:47:49 | INFO     | DF | Using DeepFilterNet3 model at C:\Users\dell\AppData\Local\DeepFilterNet\DeepFilterNet\Cache\DeepFilterNet3
2025-08-26 20:47:49 | INFO     | DF | Initializing model `deepfilternet3`
2025-08-26 20:47:50 | INFO     | DF | Found checkpoint C:\Users\dell\AppData\Local\DeepFilterNet\DeepFilterNet\Cache\DeepFilterNet3\checkpoints\model_120.ckpt.best with epoch 120
2025-08-26 20:47:50 | INFO     | DF | Running on device cpu
2025-08-26 20:47:50 | INFO     | DF | Model loaded
2025-08-26 20:50:44 | INFO     | DF | Running on torch 2.8.0+cpu
2025-08-26 20:50:44 | INFO     | DF | Running on host DESKTOP-Q7018BG
2025-08-26 20:50:44 | INFO     | DF | Loading model settings of DeepFilterNet3
2025-08-26 20:50:44 | INFO     | DF | Using DeepFilterNet3 model at C:\Users\dell\AppData\Local\DeepFilterNet\DeepFilterNet\Cache\DeepFilterNet3
2025-08-26 20:50:44 | INFO     | DF | Initializing model `deepfilternet3`
2025-08-26 20:50:44 | INFO     | DF | Found checkpoint C:\Users\dell\AppData\Local\DeepFilterNet\DeepFilterNet\Cache\DeepFilterNet3\checkpoints\model_120.ckpt.best with epoch 120
2025-08-26 20:50:44 | INFO     | DF | Running on device cpu
2025-08-26 20:50:44 | INFO     | DF | Model loaded
2025-08-26 20:52:30 | INFO     | DF | Running on torch 2.8.0+cpu
2025-08-26 20:52:30 | INFO     | DF | Running on host DESKTOP-Q7018BG
2025-08-26 20:52:31 | INFO     | DF | Loading model settings of DeepFilterNet3
2025-08-26 20:52:31 | INFO     | DF | Using DeepFilterNet3 model at C:\Users\dell\AppData\Local\DeepFilterNet\DeepFilterNet\Cache\DeepFilterNet3
2025-08-26 20:52:31 | INFO     | DF | Initializing model `deepfilternet3`
2025-08-26 20:52:31 | INFO     | DF | Found checkpoint C:\Users\dell\AppData\Local\DeepFilterNet\DeepFilterNet\Cache\DeepFilterNet3\checkpoints\model_120.ckpt.best with epoch 120
2025-08-26 20:52:31 | INFO     | DF | Running on device cpu
2025-08-26 20:52:31 | INFO     | DF | Model loaded
2025-08-26 20:53:16 | INFO     | DF | Running on torch 2.8.0+cpu
2025-08-26 20:53:16 | INFO     | DF | Running on host DESKTOP-Q7018BG
2025-08-26 20:53:16 | INFO     | DF | Loading model settings of DeepFilterNet3
2025-08-26 20:53:16 | INFO     | DF | Using DeepFilterNet3 model at C:\Users\dell\AppData\Local\DeepFilterNet\DeepFilterNet\Cache\DeepFilterNet3
2025-08-26 20:53:16 | INFO     | DF | Initializing model `deepfilternet3`
2025-08-26 20:53:16 | INFO     | DF | Found checkpoint C:\Users\dell\AppData\Local\DeepFilterNet\DeepFilterNet\Cache\DeepFilterNet3\checkpoints\model_120.ckpt.best with epoch 120
2025-08-26 20:53:16 | INFO     | DF | Running on device cpu
2025-08-26 20:53:16 | INFO     | DF | Model loaded
2025-08-26 21:05:59 | INFO     | DF | Running on torch 2.8.0+cpu
2025-08-26 21:05:59 | INFO     | DF | Running on host DESKTOP-Q7018BG
2025-08-26 21:05:59 | INFO     | DF | Loading model settings of DeepFilterNet3
2025-08-26 21:05:59 | INFO     | DF | Using DeepFilterNet3 model at C:\Users\dell\AppData\Local\DeepFilterNet\DeepFilterNet\Cache\DeepFilterNet3
2025-08-26 21:05:59 | INFO     | DF | Initializing model `deepfilternet3`
2025-08-26 21:05:59 | INFO     | DF | Found checkpoint C:\Users\dell\AppData\Local\DeepFilterNet\DeepFilterNet\Cache\DeepFilterNet3\checkpoints\model_120.ckpt.best with epoch 120
2025-08-26 21:05:59 | INFO     | DF | Running on device cpu
2025-08-26 21:05:59 | INFO     | DF | Model loaded
2025-08-26 21:12:29 | INFO     | DF | Running on torch 2.8.0+cpu
2025-08-26 21:12:29 | INFO     | DF | Running on host DESKTOP-Q7018BG
2025-08-26 21:12:29 | INFO     | DF | Loading model settings of DeepFilterNet3
2025-08-26 21:12:29 | INFO     | DF | Using DeepFilterNet3 model at C:\Users\dell\AppData\Local\DeepFilterNet\DeepFilterNet\Cache\DeepFilterNet3
2025-08-26 21:12:29 | INFO     | DF | Initializing model `deepfilternet3`
2025-08-26 21:12:29 | INFO     | DF | Found checkpoint C:\Users\dell\AppData\Local\DeepFilterNet\DeepFilterNet\Cache\DeepFilterNet3\checkpoints\model_120.ckpt.best with epoch 120
2025-08-26 21:12:29 | INFO     | DF | Running on device cpu
2025-08-26 21:12:29 | INFO     | DF | Model loaded
2025-08-26 21:14:49 | INFO     | DF | Running on torch 2.8.0+cpu
2025-08-26 21:14:49 | INFO     | DF | Running on host DESKTOP-Q7018BG
2025-08-26 21:14:49 | INFO     | DF | Loading model settings of DeepFilterNet3
2025-08-26 21:14:49 | INFO     | DF | Using DeepFilterNet3 model at C:\Users\dell\AppData\Local\DeepFilterNet\DeepFilterNet\Cache\DeepFilterNet3
2025-08-26 21:14:49 | INFO     | DF | Initializing model `deepfilternet3`
2025-08-26 21:14:49 | INFO     | DF | Found checkpoint C:\Users\dell\AppData\Local\DeepFilterNet\DeepFilterNet\Cache\DeepFilterNet3\checkpoints\model_120.ckpt.best with epoch 120
2025-08-26 21:14:49 | INFO     | DF | Running on device cpu
2025-08-26 21:14:49 | INFO     | DF | Model loaded
2025-08-26 21:29:27 | INFO     | DF | Running on torch 2.8.0+cpu
2025-08-26 21:29:27 | INFO     | DF | Running on host DESKTOP-Q7018BG
2025-08-26 21:29:27 | INFO     | DF | Loading model settings of DeepFilterNet3
2025-08-26 21:29:27 | INFO     | DF | Using DeepFilterNet3 model at C:\Users\dell\AppData\Local\DeepFilterNet\DeepFilterNet\Cache\DeepFilterNet3
2025-08-26 21:29:27 | INFO     | DF | Initializing model `deepfilternet3`
2025-08-26 21:29:27 | INFO     | DF | Found checkpoint C:\Users\dell\AppData\Local\DeepFilterNet\DeepFilterNet\Cache\DeepFilterNet3\checkpoints\model_120.ckpt.best with epoch 120
2025-08-26 21:29:27 | INFO     | DF | Running on device cpu
2025-08-26 21:29:27 | INFO     | DF | Model loaded
2025-08-26 21:31:47 | INFO     | DF | Running on torch 2.8.0+cpu
2025-08-26 21:31:47 | INFO     | DF | Running on host DESKTOP-Q7018BG
2025-08-26 21:31:47 | INFO     | DF | Loading model settings of DeepFilterNet3
2025-08-26 21:31:47 | INFO     | DF | Using DeepFilterNet3 model at C:\Users\dell\AppData\Local\DeepFilterNet\DeepFilterNet\Cache\DeepFilterNet3
2025-08-26 21:31:47 | INFO     | DF | Initializing model `deepfilternet3`
2025-08-26 21:31:47 | INFO     | DF | Found checkpoint C:\Users\dell\AppData\Local\DeepFilterNet\DeepFilterNet\Cache\DeepFilterNet3\checkpoints\model_120.ckpt.best with epoch 120
2025-08-26 21:31:47 | INFO     | DF | Running on device cpu
2025-08-26 21:31:47 | INFO     | DF | Model loaded
2025-08-26 21:53:21 | INFO     | DF | Running on torch 2.8.0+cpu
2025-08-26 21:53:21 | INFO     | DF | Running on host DESKTOP-Q7018BG
2025-08-26 21:53:21 | INFO     | DF | Loading model settings of DeepFilterNet3
2025-08-26 21:53:21 | INFO     | DF | Using DeepFilterNet3 model at C:\Users\dell\AppData\Local\DeepFilterNet\DeepFilterNet\Cache\DeepFilterNet3
2025-08-26 21:53:21 | INFO     | DF | Initializing model `deepfilternet3`
2025-08-26 21:53:21 | INFO     | DF | Found checkpoint C:\Users\dell\AppData\Local\DeepFilterNet\DeepFilterNet\Cache\DeepFilterNet3\checkpoints\model_120.ckpt.best with epoch 120
2025-08-26 21:53:21 | INFO     | DF | Running on device cpu
2025-08-26 21:53:21 | INFO     | DF | Model loaded
2025-08-26 22:04:50 | INFO     | DF | Running on torch 2.8.0+cpu
2025-08-26 22:04:50 | INFO     | DF | Running on host DESKTOP-Q7018BG
2025-08-26 22:04:50 | INFO     | DF | Loading model settings of DeepFilterNet3
2025-08-26 22:04:50 | INFO     | DF | Using DeepFilterNet3 model at C:\Users\dell\AppData\Local\DeepFilterNet\DeepFilterNet\Cache\DeepFilterNet3
2025-08-26 22:04:50 | INFO     | DF | Initializing model `deepfilternet3`
2025-08-26 22:04:50 | INFO     | DF | Found checkpoint C:\Users\dell\AppData\Local\DeepFilterNet\DeepFilterNet\Cache\DeepFilterNet3\checkpoints\model_120.ckpt.best with epoch 120
2025-08-26 22:04:50 | INFO     | DF | Running on device cpu
2025-08-26 22:04:50 | INFO     | DF | Model loaded
2025-08-26 22:05:49 | INFO     | DF | Running on torch 2.8.0+cpu
2025-08-26 22:05:49 | INFO     | DF | Running on host DESKTOP-Q7018BG
2025-08-26 22:05:49 | INFO     | DF | Loading model settings of DeepFilterNet3
2025-08-26 22:05:49 | INFO     | DF | Using DeepFilterNet3 model at C:\Users\dell\AppData\Local\DeepFilterNet\DeepFilterNet\Cache\DeepFilterNet3
2025-08-26 22:05:49 | INFO     | DF | Initializing model `deepfilternet3`
2025-08-26 22:05:49 | INFO     | DF | Found checkpoint C:\Users\dell\AppData\Local\DeepFilterNet\DeepFilterNet\Cache\DeepFilterNet3\checkpoints\model_120.ckpt.best with epoch 120
2025-08-26 22:05:49 | INFO     | DF | Running on device cpu
2025-08-26 22:05:49 | INFO     | DF | Model loaded
2025-08-26 22:06:49 | INFO     | DF | Running on torch 2.8.0+cpu
2025-08-26 22:06:49 | INFO     | DF | Running on host DESKTOP-Q7018BG
2025-08-26 22:06:50 | INFO     | DF | Loading model settings of DeepFilterNet3
2025-08-26 22:06:50 | INFO     | DF | Using DeepFilterNet3 model at C:\Users\dell\AppData\Local\DeepFilterNet\DeepFilterNet\Cache\DeepFilterNet3
2025-08-26 22:06:50 | INFO     | DF | Initializing model `deepfilternet3`
2025-08-26 22:06:50 | INFO     | DF | Found checkpoint C:\Users\dell\AppData\Local\DeepFilterNet\DeepFilterNet\Cache\DeepFilterNet3\checkpoints\model_120.ckpt.best with epoch 120
2025-08-26 22:06:50 | INFO     | DF | Running on device cpu
2025-08-26 22:06:50 | INFO     | DF | Model loaded
2025-08-26 22:19:17 | INFO     | DF | Running on torch 2.8.0+cpu
2025-08-26 22:19:17 | INFO     | DF | Running on host DESKTOP-Q7018BG
2025-08-26 22:19:17 | INFO     | DF | Loading model settings of DeepFilterNet3
2025-08-26 22:19:17 | INFO     | DF | Using DeepFilterNet3 model at C:\Users\dell\AppData\Local\DeepFilterNet\DeepFilterNet\Cache\DeepFilterNet3
2025-08-26 22:19:17 | INFO     | DF | Initializing model `deepfilternet3`
2025-08-26 22:19:17 | INFO     | DF | Found checkpoint C:\Users\dell\AppData\Local\DeepFilterNet\DeepFilterNet\Cache\DeepFilterNet3\checkpoints\model_120.ckpt.best with epoch 120
2025-08-26 22:19:17 | INFO     | DF | Running on device cpu
2025-08-26 22:19:17 | INFO     | DF | Model loaded
2025-09-08 17:24:13 | INFO     | DF | Running on torch 2.8.0+cpu
2025-09-08 17:24:13 | INFO     | DF | Running on host DESKTOP-Q7018BG
2025-09-08 17:24:14 | INFO     | DF | Loading model settings of DeepFilterNet3
2025-09-08 17:24:14 | INFO     | DF | Using DeepFilterNet3 model at C:\Users\dell\AppData\Local\DeepFilterNet\DeepFilterNet\Cache\DeepFilterNet3
2025-09-08 17:25:24 | INFO     | DF | Running on torch 2.8.0+cpu
2025-09-08 17:25:24 | INFO     | DF | Running on host DESKTOP-Q7018BG
2025-09-08 17:25:24 | INFO     | DF | Loading model settings of DeepFilterNet3
2025-09-08 17:25:24 | INFO     | DF | Using DeepFilterNet3 model at C:\Users\dell\AppData\Local\DeepFilterNet\DeepFilterNet\Cache\DeepFilterNet3
2025-09-08 17:26:05 | INFO     | DF | Running on torch 2.8.0+cpu
2025-09-08 17:26:05 | INFO     | DF | Running on host DESKTOP-Q7018BG
2025-09-08 17:26:05 | INFO     | DF | Loading model settings of DeepFilterNet3
2025-09-08 17:26:05 | INFO     | DF | Using DeepFilterNet3 model at C:\Users\dell\AppData\Local\DeepFilterNet\DeepFilterNet\Cache\DeepFilterNet3
2025-09-08 17:38:51 | INFO     | DF | Running on torch 2.8.0+cpu
2025-09-08 17:38:51 | INFO     | DF | Running on host DESKTOP-Q7018BG
2025-09-08 17:38:51 | INFO     | DF | Loading model settings of DeepFilterNet3
2025-09-08 17:38:51 | INFO     | DF | Using DeepFilterNet3 model at C:\Users\dell\AppData\Local\DeepFilterNet\DeepFilterNet\Cache\DeepFilterNet3
2025-09-08 17:38:51 | INFO     | DF | Initializing model `deepfilternet3`
2025-09-08 17:38:51 | INFO     | DF | Found checkpoint C:\Users\dell\AppData\Local\DeepFilterNet\DeepFilterNet\Cache\DeepFilterNet3\checkpoints\model_120.ckpt.best with epoch 120
2025-09-08 17:38:51 | INFO     | DF | Running on device cpu
2025-09-08 17:38:51 | INFO     | DF | Model loaded
2025-09-08 17:52:25 | INFO     | DF | Running on torch 2.8.0+cpu
2025-09-08 17:52:25 | INFO     | DF | Running on host DESKTOP-Q7018BG
2025-09-08 17:52:25 | INFO     | DF | Loading model settings of DeepFilterNet3
2025-09-08 17:52:25 | INFO     | DF | Using DeepFilterNet3 model at C:\Users\dell\AppData\Local\DeepFilterNet\DeepFilterNet\Cache\DeepFilterNet3
2025-09-08 17:52:25 | INFO     | DF | Initializing model `deepfilternet3`
2025-09-08 17:52:25 | INFO     | DF | Found checkpoint C:\Users\dell\AppData\Local\DeepFilterNet\DeepFilterNet\Cache\DeepFilterNet3\checkpoints\model_120.ckpt.best with epoch 120
2025-09-08 17:52:25 | INFO     | DF | Running on device cpu
2025-09-08 17:52:25 | INFO     | DF | Model loaded
2025-09-08 17:54:45 | INFO     | DF | Running on torch 2.8.0+cpu
2025-09-08 17:54:45 | INFO     | DF | Running on host DESKTOP-Q7018BG
2025-09-08 17:54:45 | INFO     | DF | Loading model settings of DeepFilterNet3
2025-09-08 17:54:45 | INFO     | DF | Using DeepFilterNet3 model at C:\Users\dell\AppData\Local\DeepFilterNet\DeepFilterNet\Cache\DeepFilterNet3
2025-09-08 17:54:45 | INFO     | DF | Initializing model `deepfilternet3`
2025-09-08 17:54:45 | INFO     | DF | Found checkpoint C:\Users\dell\AppData\Local\DeepFilterNet\DeepFilterNet\Cache\DeepFilterNet3\checkpoints\model_120.ckpt.best with epoch 120
2025-09-08 17:54:45 | INFO     | DF | Running on device cpu
2025-09-08 17:54:45 | INFO     | DF | Model loaded
2025-09-08 17:58:40 | INFO     | DF | Running on torch 2.8.0+cpu
2025-09-08 17:58:40 | INFO     | DF | Running on host DESKTOP-Q7018BG
2025-09-08 17:58:40 | INFO     | DF | Loading model settings of DeepFilterNet3
2025-09-08 17:58:40 | INFO     | DF | Using DeepFilterNet3 model at C:\Users\dell\AppData\Local\DeepFilterNet\DeepFilterNet\Cache\DeepFilterNet3
2025-09-08 17:58:40 | INFO     | DF | Initializing model `deepfilternet3`
2025-09-08 17:58:40 | INFO     | DF | Found checkpoint C:\Users\dell\AppData\Local\DeepFilterNet\DeepFilterNet\Cache\DeepFilterNet3\checkpoints\model_120.ckpt.best with epoch 120
2025-09-08 17:58:40 | INFO     | DF | Running on device cpu
2025-09-08 17:58:40 | INFO     | DF | Model loaded
2025-09-08 17:59:52 | INFO     | DF | Running on torch 2.8.0+cpu
2025-09-08 17:59:52 | INFO     | DF | Running on host DESKTOP-Q7018BG
2025-09-08 17:59:52 | INFO     | DF | Loading model settings of DeepFilterNet3
2025-09-08 17:59:52 | INFO     | DF | Using DeepFilterNet3 model at C:\Users\dell\AppData\Local\DeepFilterNet\DeepFilterNet\Cache\DeepFilterNet3
2025-09-08 17:59:52 | INFO     | DF | Initializing model `deepfilternet3`
2025-09-08 17:59:52 | INFO     | DF | Found checkpoint C:\Users\dell\AppData\Local\DeepFilterNet\DeepFilterNet\Cache\DeepFilterNet3\checkpoints\model_120.ckpt.best with epoch 120
2025-09-08 17:59:52 | INFO     | DF | Running on device cpu
2025-09-08 17:59:52 | INFO     | DF | Model loaded
2025-09-08 18:01:00 | INFO     | DF | Running on torch 2.8.0+cpu
2025-09-08 18:01:00 | INFO     | DF | Running on host DESKTOP-Q7018BG
2025-09-08 18:01:00 | INFO     | DF | Loading model settings of DeepFilterNet3
2025-09-08 18:01:00 | INFO     | DF | Using DeepFilterNet3 model at C:\Users\dell\AppData\Local\DeepFilterNet\DeepFilterNet\Cache\DeepFilterNet3
2025-09-08 18:01:00 | INFO     | DF | Initializing model `deepfilternet3`
2025-09-08 18:01:00 | INFO     | DF | Found checkpoint C:\Users\dell\AppData\Local\DeepFilterNet\DeepFilterNet\Cache\DeepFilterNet3\checkpoints\model_120.ckpt.best with epoch 120
2025-09-08 18:01:00 | INFO     | DF | Running on device cpu
2025-09-08 18:01:00 | INFO     | DF | Model loaded
2025-09-08 18:01:38 | INFO     | DF | Running on torch 2.8.0+cpu
2025-09-08 18:01:38 | INFO     | DF | Running on host DESKTOP-Q7018BG
2025-09-08 18:01:38 | INFO     | DF | Loading model settings of DeepFilterNet3
2025-09-08 18:01:38 | INFO     | DF | Using DeepFilterNet3 model at C:\Users\dell\AppData\Local\DeepFilterNet\DeepFilterNet\Cache\DeepFilterNet3
2025-09-08 18:01:38 | INFO     | DF | Initializing model `deepfilternet3`
2025-09-08 18:01:38 | INFO     | DF | Found checkpoint C:\Users\dell\AppData\Local\DeepFilterNet\DeepFilterNet\Cache\DeepFilterNet3\checkpoints\model_120.ckpt.best with epoch 120
2025-09-08 18:01:38 | INFO     | DF | Running on device cpu
2025-09-08 18:01:38 | INFO     | DF | Model loaded
2025-09-08 18:04:31 | INFO     | DF | Running on torch 2.8.0+cpu
2025-09-08 18:04:31 | INFO     | DF | Running on host DESKTOP-Q7018BG
2025-09-08 18:04:31 | INFO     | DF | Loading model settings of DeepFilterNet3
2025-09-08 18:04:31 | INFO     | DF | Using DeepFilterNet3 model at C:\Users\dell\AppData\Local\DeepFilterNet\DeepFilterNet\Cache\DeepFilterNet3
2025-09-08 18:04:31 | INFO     | DF | Initializing model `deepfilternet3`
2025-09-08 18:04:31 | INFO     | DF | Found checkpoint C:\Users\dell\AppData\Local\DeepFilterNet\DeepFilterNet\Cache\DeepFilterNet3\checkpoints\model_120.ckpt.best with epoch 120
2025-09-08 18:04:31 | INFO     | DF | Running on device cpu
2025-09-08 18:04:31 | INFO     | DF | Model loaded
2025-09-08 18:12:09 | INFO     | DF | Running on torch 2.8.0+cpu
2025-09-08 18:12:09 | INFO     | DF | Running on host DESKTOP-Q7018BG
2025-09-08 18:12:09 | INFO     | DF | Loading model settings of DeepFilterNet3
2025-09-08 18:12:09 | INFO     | DF | Using DeepFilterNet3 model at C:\Users\dell\AppData\Local\DeepFilterNet\DeepFilterNet\Cache\DeepFilterNet3
2025-09-08 18:12:09 | INFO     | DF | Initializing model `deepfilternet3`
2025-09-08 18:12:09 | INFO     | DF | Found checkpoint C:\Users\dell\AppData\Local\DeepFilterNet\DeepFilterNet\Cache\DeepFilterNet3\checkpoints\model_120.ckpt.best with epoch 120
2025-09-08 18:12:09 | INFO     | DF | Running on device cpu
2025-09-08 18:12:09 | INFO     | DF | Model loaded
2025-09-08 18:13:54 | INFO     | DF | Running on torch 2.8.0+cpu
2025-09-08 18:13:54 | INFO     | DF | Running on host DESKTOP-Q7018BG
2025-09-08 18:13:54 | INFO     | DF | Loading model settings of DeepFilterNet3
2025-09-08 18:13:54 | INFO     | DF | Using DeepFilterNet3 model at C:\Users\dell\AppData\Local\DeepFilterNet\DeepFilterNet\Cache\DeepFilterNet3
2025-09-08 18:13:54 | INFO     | DF | Initializing model `deepfilternet3`
2025-09-08 18:13:54 | INFO     | DF | Found checkpoint C:\Users\dell\AppData\Local\DeepFilterNet\DeepFilterNet\Cache\DeepFilterNet3\checkpoints\model_120.ckpt.best with epoch 120
2025-09-08 18:13:54 | INFO     | DF | Running on device cpu
2025-09-08 18:13:54 | INFO     | DF | Model loaded
2025-09-08 18:16:51 | INFO     | DF | Running on torch 2.8.0+cpu
2025-09-08 18:16:51 | INFO     | DF | Running on host DESKTOP-Q7018BG
2025-09-08 18:16:51 | INFO     | DF | Loading model settings of DeepFilterNet3
2025-09-08 18:16:51 | INFO     | DF | Using DeepFilterNet3 model at C:\Users\dell\AppData\Local\DeepFilterNet\DeepFilterNet\Cache\DeepFilterNet3
2025-09-08 18:16:51 | INFO     | DF | Initializing model `deepfilternet3`
2025-09-08 18:16:51 | INFO     | DF | Found checkpoint C:\Users\dell\AppData\Local\DeepFilterNet\DeepFilterNet\Cache\DeepFilterNet3\checkpoints\model_120.ckpt.best with epoch 120
2025-09-08 18:16:51 | INFO     | DF | Running on device cpu
2025-09-08 18:16:51 | INFO     | DF | Model loaded
2025-09-08 18:17:34 | INFO     | DF | Running on torch 2.8.0+cpu
2025-09-08 18:17:34 | INFO     | DF | Running on host DESKTOP-Q7018BG
2025-09-08 18:17:34 | INFO     | DF | Loading model settings of DeepFilterNet3
2025-09-08 18:17:34 | INFO     | DF | Using DeepFilterNet3 model at C:\Users\dell\AppData\Local\DeepFilterNet\DeepFilterNet\Cache\DeepFilterNet3
2025-09-08 18:17:34 | INFO     | DF | Initializing model `deepfilternet3`
2025-09-08 18:17:34 | INFO     | DF | Found checkpoint C:\Users\dell\AppData\Local\DeepFilterNet\DeepFilterNet\Cache\DeepFilterNet3\checkpoints\model_120.ckpt.best with epoch 120
2025-09-08 18:17:35 | INFO     | DF | Running on device cpu
2025-09-08 18:17:35 | INFO     | DF | Model loaded
2025-09-08 18:20:04 | INFO     | DF | Running on torch 2.8.0+cpu
2025-09-08 18:20:04 | INFO     | DF | Running on host DESKTOP-Q7018BG
2025-09-08 18:20:04 | INFO     | DF | Loading model settings of DeepFilterNet3
2025-09-08 18:20:04 | INFO     | DF | Using DeepFilterNet3 model at C:\Users\dell\AppData\Local\DeepFilterNet\DeepFilterNet\Cache\DeepFilterNet3
2025-09-08 18:20:04 | INFO     | DF | Initializing model `deepfilternet3`
2025-09-08 18:20:04 | INFO     | DF | Found checkpoint C:\Users\dell\AppData\Local\DeepFilterNet\DeepFilterNet\Cache\DeepFilterNet3\checkpoints\model_120.ckpt.best with epoch 120
2025-09-08 18:20:04 | INFO     | DF | Running on device cpu
2025-09-08 18:20:04 | INFO     | DF | Model loaded
2025-09-08 18:39:51 | INFO     | DF | Running on torch 2.8.0+cpu
2025-09-08 18:39:51 | INFO     | DF | Running on host DESKTOP-Q7018BG
2025-09-08 18:39:51 | INFO     | DF | Loading model settings of DeepFilterNet3
2025-09-08 18:39:51 | INFO     | DF | Using DeepFilterNet3 model at C:\Users\dell\AppData\Local\DeepFilterNet\DeepFilterNet\Cache\DeepFilterNet3
2025-09-08 18:39:51 | INFO     | DF | Initializing model `deepfilternet3`
2025-09-08 18:39:51 | INFO     | DF | Found checkpoint C:\Users\dell\AppData\Local\DeepFilterNet\DeepFilterNet\Cache\DeepFilterNet3\checkpoints\model_120.ckpt.best with epoch 120
2025-09-08 18:39:51 | INFO     | DF | Running on device cpu
2025-09-08 18:39:51 | INFO     | DF | Model loaded
2025-09-08 18:40:33 | INFO     | DF | Running on torch 2.8.0+cpu
2025-09-08 18:40:33 | INFO     | DF | Running on host DESKTOP-Q7018BG
2025-09-08 18:40:33 | INFO     | DF | Loading model settings of DeepFilterNet3
2025-09-08 18:40:33 | INFO     | DF | Using DeepFilterNet3 model at C:\Users\dell\AppData\Local\DeepFilterNet\DeepFilterNet\Cache\DeepFilterNet3
2025-09-08 18:40:33 | INFO     | DF | Initializing model `deepfilternet3`
2025-09-08 18:40:33 | INFO     | DF | Found checkpoint C:\Users\dell\AppData\Local\DeepFilterNet\DeepFilterNet\Cache\DeepFilterNet3\checkpoints\model_120.ckpt.best with epoch 120
2025-09-08 18:40:33 | INFO     | DF | Running on device cpu
2025-09-08 18:40:33 | INFO     | DF | Model loaded
2025-09-08 18:45:21 | INFO     | DF | Running on torch 2.8.0+cpu
2025-09-08 18:45:21 | INFO     | DF | Running on host DESKTOP-Q7018BG
2025-09-08 18:45:21 | INFO     | DF | Loading model settings of DeepFilterNet3
2025-09-08 18:45:21 | INFO     | DF | Using DeepFilterNet3 model at C:\Users\dell\AppData\Local\DeepFilterNet\DeepFilterNet\Cache\DeepFilterNet3
2025-09-08 18:45:21 | INFO     | DF | Initializing model `deepfilternet3`
2025-09-08 18:45:21 | INFO     | DF | Found checkpoint C:\Users\dell\AppData\Local\DeepFilterNet\DeepFilterNet\Cache\DeepFilterNet3\checkpoints\model_120.ckpt.best with epoch 120
2025-09-08 18:45:22 | INFO     | DF | Running on device cpu
2025-09-08 18:45:22 | INFO     | DF | Model loaded
2025-09-08 18:46:09 | INFO     | DF | Running on torch 2.8.0+cpu
2025-09-08 18:46:09 | INFO     | DF | Running on host DESKTOP-Q7018BG
2025-09-08 18:46:09 | INFO     | DF | Loading model settings of DeepFilterNet3
2025-09-08 18:46:09 | INFO     | DF | Using DeepFilterNet3 model at C:\Users\dell\AppData\Local\DeepFilterNet\DeepFilterNet\Cache\DeepFilterNet3
2025-09-08 18:46:09 | INFO     | DF | Initializing model `deepfilternet3`
2025-09-08 18:46:09 | INFO     | DF | Found checkpoint C:\Users\dell\AppData\Local\DeepFilterNet\DeepFilterNet\Cache\DeepFilterNet3\checkpoints\model_120.ckpt.best with epoch 120
2025-09-08 18:46:09 | INFO     | DF | Running on device cpu
2025-09-08 18:46:09 | INFO     | DF | Model loaded
2025-09-08 18:46:49 | INFO     | DF | Running on torch 2.8.0+cpu
2025-09-08 18:46:49 | INFO     | DF | Running on host DESKTOP-Q7018BG
2025-09-08 18:46:49 | INFO     | DF | Loading model settings of DeepFilterNet3
2025-09-08 18:46:49 | INFO     | DF | Using DeepFilterNet3 model at C:\Users\dell\AppData\Local\DeepFilterNet\DeepFilterNet\Cache\DeepFilterNet3
2025-09-08 18:46:49 | INFO     | DF | Initializing model `deepfilternet3`
2025-09-08 18:46:49 | INFO     | DF | Found checkpoint C:\Users\dell\AppData\Local\DeepFilterNet\DeepFilterNet\Cache\DeepFilterNet3\checkpoints\model_120.ckpt.best with epoch 120
2025-09-08 18:46:49 | INFO     | DF | Running on device cpu
2025-09-08 18:46:49 | INFO     | DF | Model loaded
2025-09-08 18:48:40 | INFO     | DF | Running on torch 2.8.0+cpu
2025-09-08 18:48:40 | INFO     | DF | Running on host DESKTOP-Q7018BG
2025-09-08 18:48:40 | INFO     | DF | Loading model settings of DeepFilterNet3
2025-09-08 18:48:40 | INFO     | DF | Using DeepFilterNet3 model at C:\Users\dell\AppData\Local\DeepFilterNet\DeepFilterNet\Cache\DeepFilterNet3
2025-09-08 18:48:40 | INFO     | DF | Initializing model `deepfilternet3`
2025-09-08 18:48:40 | INFO     | DF | Found checkpoint C:\Users\dell\AppData\Local\DeepFilterNet\DeepFilterNet\Cache\DeepFilterNet3\checkpoints\model_120.ckpt.best with epoch 120
2025-09-08 18:48:40 | INFO     | DF | Running on device cpu
2025-09-08 18:48:40 | INFO     | DF | Model loaded
2025-09-08 18:49:06 | INFO     | DF | Running on torch 2.8.0+cpu
2025-09-08 18:49:06 | INFO     | DF | Running on host DESKTOP-Q7018BG
2025-09-08 18:49:06 | INFO     | DF | Loading model settings of DeepFilterNet3
2025-09-08 18:49:06 | INFO     | DF | Using DeepFilterNet3 model at C:\Users\dell\AppData\Local\DeepFilterNet\DeepFilterNet\Cache\DeepFilterNet3
2025-09-08 18:49:06 | INFO     | DF | Initializing model `deepfilternet3`
2025-09-08 18:49:06 | INFO     | DF | Found checkpoint C:\Users\dell\AppData\Local\DeepFilterNet\DeepFilterNet\Cache\DeepFilterNet3\checkpoints\model_120.ckpt.best with epoch 120
2025-09-08 18:49:06 | INFO     | DF | Running on device cpu
2025-09-08 18:49:06 | INFO     | DF | Model loaded
2025-09-08 18:53:09 | INFO     | DF | Running on torch 2.8.0+cpu
2025-09-08 18:53:09 | INFO     | DF | Running on host DESKTOP-Q7018BG
2025-09-08 18:53:09 | INFO     | DF | Loading model settings of DeepFilterNet3
2025-09-08 18:53:09 | INFO     | DF | Using DeepFilterNet3 model at C:\Users\dell\AppData\Local\DeepFilterNet\DeepFilterNet\Cache\DeepFilterNet3
2025-09-08 18:53:09 | INFO     | DF | Initializing model `deepfilternet3`
2025-09-08 18:53:09 | INFO     | DF | Found checkpoint C:\Users\dell\AppData\Local\DeepFilterNet\DeepFilterNet\Cache\DeepFilterNet3\checkpoints\model_120.ckpt.best with epoch 120
2025-09-08 18:53:09 | INFO     | DF | Running on device cpu
2025-09-08 18:53:09 | INFO     | DF | Model loaded
2025-09-08 18:56:30 | INFO     | DF | Running on torch 2.8.0+cpu
2025-09-08 18:56:30 | INFO     | DF | Running on host DESKTOP-Q7018BG
2025-09-08 18:56:30 | INFO     | DF | Loading model settings of DeepFilterNet3
2025-09-08 18:56:30 | INFO     | DF | Using DeepFilterNet3 model at C:\Users\dell\AppData\Local\DeepFilterNet\DeepFilterNet\Cache\DeepFilterNet3
2025-09-08 18:56:30 | INFO     | DF | Initializing model `deepfilternet3`
2025-09-08 18:56:30 | INFO     | DF | Found checkpoint C:\Users\dell\AppData\Local\DeepFilterNet\DeepFilterNet\Cache\DeepFilterNet3\checkpoints\model_120.ckpt.best with epoch 120
2025-09-08 18:56:30 | INFO     | DF | Running on device cpu
2025-09-08 18:56:30 | INFO     | DF | Model loaded
2025-09-08 18:58:38 | INFO     | DF | Running on torch 2.8.0+cpu
2025-09-08 18:58:38 | INFO     | DF | Running on host DESKTOP-Q7018BG
2025-09-08 18:58:39 | INFO     | DF | Loading model settings of DeepFilterNet3
2025-09-08 18:58:39 | INFO     | DF | Using DeepFilterNet3 model at C:\Users\dell\AppData\Local\DeepFilterNet\DeepFilterNet\Cache\DeepFilterNet3
2025-09-08 18:58:39 | INFO     | DF | Initializing model `deepfilternet3`
2025-09-08 18:58:39 | INFO     | DF | Found checkpoint C:\Users\dell\AppData\Local\DeepFilterNet\DeepFilterNet\Cache\DeepFilterNet3\checkpoints\model_120.ckpt.best with epoch 120
2025-09-08 18:58:39 | INFO     | DF | Running on device cpu
2025-09-08 18:58:39 | INFO     | DF | Model loaded
2025-09-08 19:00:07 | INFO     | DF | Running on torch 2.8.0+cpu
2025-09-08 19:00:07 | INFO     | DF | Running on host DESKTOP-Q7018BG
2025-09-08 19:00:07 | INFO     | DF | Loading model settings of DeepFilterNet3
2025-09-08 19:00:07 | INFO     | DF | Using DeepFilterNet3 model at C:\Users\dell\AppData\Local\DeepFilterNet\DeepFilterNet\Cache\DeepFilterNet3
2025-09-08 19:00:07 | INFO     | DF | Initializing model `deepfilternet3`
2025-09-08 19:00:07 | INFO     | DF | Found checkpoint C:\Users\dell\AppData\Local\DeepFilterNet\DeepFilterNet\Cache\DeepFilterNet3\checkpoints\model_120.ckpt.best with epoch 120
2025-09-08 19:00:07 | INFO     | DF | Running on device cpu
2025-09-08 19:00:07 | INFO     | DF | Model loaded
2025-09-08 19:01:21 | INFO     | DF | Running on torch 2.8.0+cpu
2025-09-08 19:01:21 | INFO     | DF | Running on host DESKTOP-Q7018BG
2025-09-08 19:01:21 | INFO     | DF | Loading model settings of DeepFilterNet3
2025-09-08 19:01:21 | INFO     | DF | Using DeepFilterNet3 model at C:\Users\dell\AppData\Local\DeepFilterNet\DeepFilterNet\Cache\DeepFilterNet3
2025-09-08 19:01:21 | INFO     | DF | Initializing model `deepfilternet3`
2025-09-08 19:01:21 | INFO     | DF | Found checkpoint C:\Users\dell\AppData\Local\DeepFilterNet\DeepFilterNet\Cache\DeepFilterNet3\checkpoints\model_120.ckpt.best with epoch 120
2025-09-08 19:01:21 | INFO     | DF | Running on device cpu
2025-09-08 19:01:21 | INFO     | DF | Model loaded
2025-09-08 19:02:31 | INFO     | DF | Running on torch 2.8.0+cpu
2025-09-08 19:02:31 | INFO     | DF | Running on host DESKTOP-Q7018BG
2025-09-08 19:02:31 | INFO     | DF | Loading model settings of DeepFilterNet3
2025-09-08 19:02:31 | INFO     | DF | Using DeepFilterNet3 model at C:\Users\dell\AppData\Local\DeepFilterNet\DeepFilterNet\Cache\DeepFilterNet3
2025-09-08 19:02:31 | INFO     | DF | Initializing model `deepfilternet3`
2025-09-08 19:02:31 | INFO     | DF | Found checkpoint C:\Users\dell\AppData\Local\DeepFilterNet\DeepFilterNet\Cache\DeepFilterNet3\checkpoints\model_120.ckpt.best with epoch 120
2025-09-08 19:02:31 | INFO     | DF | Running on device cpu
2025-09-08 19:02:31 | INFO     | DF | Model loaded
2025-09-08 19:02:59 | INFO     | DF | Running on torch 2.8.0+cpu
2025-09-08 19:02:59 | INFO     | DF | Running on host DESKTOP-Q7018BG
2025-09-08 19:02:59 | INFO     | DF | Loading model settings of DeepFilterNet3
2025-09-08 19:02:59 | INFO     | DF | Using DeepFilterNet3 model at C:\Users\dell\AppData\Local\DeepFilterNet\DeepFilterNet\Cache\DeepFilterNet3
2025-09-08 19:02:59 | INFO     | DF | Initializing model `deepfilternet3`
2025-09-08 19:02:59 | INFO     | DF | Found checkpoint C:\Users\dell\AppData\Local\DeepFilterNet\DeepFilterNet\Cache\DeepFilterNet3\checkpoints\model_120.ckpt.best with epoch 120
2025-09-08 19:02:59 | INFO     | DF | Running on device cpu
2025-09-08 19:02:59 | INFO     | DF | Model loaded
2025-09-08 19:03:57 | INFO     | DF | Running on torch 2.8.0+cpu
2025-09-08 19:03:57 | INFO     | DF | Running on host DESKTOP-Q7018BG
2025-09-08 19:03:57 | INFO     | DF | Loading model settings of DeepFilterNet3
2025-09-08 19:03:57 | INFO     | DF | Using DeepFilterNet3 model at C:\Users\dell\AppData\Local\DeepFilterNet\DeepFilterNet\Cache\DeepFilterNet3
2025-09-08 19:03:57 | INFO     | DF | Initializing model `deepfilternet3`
2025-09-08 19:03:57 | INFO     | DF | Found checkpoint C:\Users\dell\AppData\Local\DeepFilterNet\DeepFilterNet\Cache\DeepFilterNet3\checkpoints\model_120.ckpt.best with epoch 120
2025-09-08 19:03:57 | INFO     | DF | Running on device cpu
2025-09-08 19:03:57 | INFO     | DF | Model loaded
2025-09-08 19:06:28 | INFO     | DF | Running on torch 2.8.0+cpu
2025-09-08 19:06:28 | INFO     | DF | Running on host DESKTOP-Q7018BG
2025-09-08 19:06:28 | INFO     | DF | Loading model settings of DeepFilterNet3
2025-09-08 19:06:28 | INFO     | DF | Using DeepFilterNet3 model at C:\Users\dell\AppData\Local\DeepFilterNet\DeepFilterNet\Cache\DeepFilterNet3
2025-09-08 19:06:28 | INFO     | DF | Initializing model `deepfilternet3`
2025-09-08 19:06:28 | INFO     | DF | Found checkpoint C:\Users\dell\AppData\Local\DeepFilterNet\DeepFilterNet\Cache\DeepFilterNet3\checkpoints\model_120.ckpt.best with epoch 120
2025-09-08 19:06:28 | INFO     | DF | Running on device cpu
2025-09-08 19:06:28 | INFO     | DF | Model loaded
2025-09-08 19:12:26 | INFO     | DF | Running on torch 2.8.0+cpu
2025-09-08 19:12:26 | INFO     | DF | Running on host DESKTOP-Q7018BG
2025-09-08 19:12:26 | INFO     | DF | Loading model settings of DeepFilterNet3
2025-09-08 19:12:26 | INFO     | DF | Using DeepFilterNet3 model at C:\Users\dell\AppData\Local\DeepFilterNet\DeepFilterNet\Cache\DeepFilterNet3
2025-09-08 19:12:26 | INFO     | DF | Initializing model `deepfilternet3`
2025-09-08 19:12:26 | INFO     | DF | Found checkpoint C:\Users\dell\AppData\Local\DeepFilterNet\DeepFilterNet\Cache\DeepFilterNet3\checkpoints\model_120.ckpt.best with epoch 120
2025-09-08 19:12:26 | INFO     | DF | Running on device cpu
2025-09-08 19:12:26 | INFO     | DF | Model loaded
2025-09-08 19:13:42 | INFO     | DF | Running on torch 2.8.0+cpu
2025-09-08 19:13:42 | INFO     | DF | Running on host DESKTOP-Q7018BG
2025-09-08 19:13:42 | INFO     | DF | Loading model settings of DeepFilterNet3
2025-09-08 19:13:42 | INFO     | DF | Using DeepFilterNet3 model at C:\Users\dell\AppData\Local\DeepFilterNet\DeepFilterNet\Cache\DeepFilterNet3
2025-09-08 19:13:42 | INFO     | DF | Initializing model `deepfilternet3`
2025-09-08 19:13:42 | INFO     | DF | Found checkpoint C:\Users\dell\AppData\Local\DeepFilterNet\DeepFilterNet\Cache\DeepFilterNet3\checkpoints\model_120.ckpt.best with epoch 120
2025-09-08 19:13:42 | INFO     | DF | Running on device cpu
2025-09-08 19:13:42 | INFO     | DF | Model loaded
2025-09-08 19:16:34 | INFO     | DF | Running on torch 2.8.0+cpu
2025-09-08 19:16:34 | INFO     | DF | Running on host DESKTOP-Q7018BG
2025-09-08 19:16:34 | INFO     | DF | Loading model settings of DeepFilterNet3
2025-09-08 19:16:34 | INFO     | DF | Using DeepFilterNet3 model at C:\Users\dell\AppData\Local\DeepFilterNet\DeepFilterNet\Cache\DeepFilterNet3
2025-09-08 19:16:34 | INFO     | DF | Initializing model `deepfilternet3`
2025-09-08 19:16:34 | INFO     | DF | Found checkpoint C:\Users\dell\AppData\Local\DeepFilterNet\DeepFilterNet\Cache\DeepFilterNet3\checkpoints\model_120.ckpt.best with epoch 120
2025-09-08 19:16:34 | INFO     | DF | Running on device cpu
2025-09-08 19:16:34 | INFO     | DF | Model loaded
2025-09-08 19:17:08 | INFO     | DF | Running on torch 2.8.0+cpu
2025-09-08 19:17:08 | INFO     | DF | Running on host DESKTOP-Q7018BG
2025-09-08 19:17:08 | INFO     | DF | Loading model settings of DeepFilterNet3
2025-09-08 19:17:08 | INFO     | DF | Using DeepFilterNet3 model at C:\Users\dell\AppData\Local\DeepFilterNet\DeepFilterNet\Cache\DeepFilterNet3
2025-09-08 19:17:08 | INFO     | DF | Initializing model `deepfilternet3`
2025-09-08 19:17:08 | INFO     | DF | Found checkpoint C:\Users\dell\AppData\Local\DeepFilterNet\DeepFilterNet\Cache\DeepFilterNet3\checkpoints\model_120.ckpt.best with epoch 120
2025-09-08 19:17:08 | INFO     | DF | Running on device cpu
2025-09-08 19:17:08 | INFO     | DF | Model loaded
2025-09-08 19:18:04 | INFO     | DF | Running on torch 2.8.0+cpu
2025-09-08 19:18:04 | INFO     | DF | Running on host DESKTOP-Q7018BG
2025-09-08 19:18:04 | INFO     | DF | Loading model settings of DeepFilterNet3
2025-09-08 19:18:04 | INFO     | DF | Using DeepFilterNet3 model at C:\Users\dell\AppData\Local\DeepFilterNet\DeepFilterNet\Cache\DeepFilterNet3
2025-09-08 19:18:04 | INFO     | DF | Initializing model `deepfilternet3`
2025-09-08 19:18:04 | INFO     | DF | Found checkpoint C:\Users\dell\AppData\Local\DeepFilterNet\DeepFilterNet\Cache\DeepFilterNet3\checkpoints\model_120.ckpt.best with epoch 120
2025-09-08 19:18:04 | INFO     | DF | Running on device cpu
2025-09-08 19:18:04 | INFO     | DF | Model loaded
2025-09-08 19:21:24 | INFO     | DF | Running on torch 2.8.0+cpu
2025-09-08 19:21:24 | INFO     | DF | Running on host DESKTOP-Q7018BG
2025-09-08 19:21:24 | INFO     | DF | Loading model settings of DeepFilterNet3
2025-09-08 19:21:24 | INFO     | DF | Using DeepFilterNet3 model at C:\Users\dell\AppData\Local\DeepFilterNet\DeepFilterNet\Cache\DeepFilterNet3
2025-09-08 19:21:24 | INFO     | DF | Initializing model `deepfilternet3`
2025-09-08 19:21:24 | INFO     | DF | Found checkpoint C:\Users\dell\AppData\Local\DeepFilterNet\DeepFilterNet\Cache\DeepFilterNet3\checkpoints\model_120.ckpt.best with epoch 120
2025-09-08 19:21:24 | INFO     | DF | Running on device cpu
2025-09-08 19:21:24 | INFO     | DF | Model loaded
2025-09-08 19:21:51 | INFO     | DF | Running on torch 2.8.0+cpu
2025-09-08 19:21:51 | INFO     | DF | Running on host DESKTOP-Q7018BG
2025-09-08 19:21:51 | INFO     | DF | Loading model settings of DeepFilterNet3
2025-09-08 19:21:51 | INFO     | DF | Using DeepFilterNet3 model at C:\Users\dell\AppData\Local\DeepFilterNet\DeepFilterNet\Cache\DeepFilterNet3
2025-09-08 19:21:51 | INFO     | DF | Initializing model `deepfilternet3`
2025-09-08 19:21:51 | INFO     | DF | Found checkpoint C:\Users\dell\AppData\Local\DeepFilterNet\DeepFilterNet\Cache\DeepFilterNet3\checkpoints\model_120.ckpt.best with epoch 120
2025-09-08 19:21:52 | INFO     | DF | Running on device cpu
2025-09-08 19:21:52 | INFO     | DF | Model loaded
2025-09-08 19:24:09 | INFO     | DF | Running on torch 2.8.0+cpu
2025-09-08 19:24:09 | INFO     | DF | Running on host DESKTOP-Q7018BG
2025-09-08 19:24:09 | INFO     | DF | Loading model settings of DeepFilterNet3
2025-09-08 19:24:09 | INFO     | DF | Using DeepFilterNet3 model at C:\Users\dell\AppData\Local\DeepFilterNet\DeepFilterNet\Cache\DeepFilterNet3
2025-09-08 19:24:09 | INFO     | DF | Initializing model `deepfilternet3`
2025-09-08 19:24:09 | INFO     | DF | Found checkpoint C:\Users\dell\AppData\Local\DeepFilterNet\DeepFilterNet\Cache\DeepFilterNet3\checkpoints\model_120.ckpt.best with epoch 120
2025-09-08 19:24:09 | INFO     | DF | Running on device cpu
2025-09-08 19:24:09 | INFO     | DF | Model loaded
2025-09-08 19:29:49 | INFO     | DF | Running on torch 2.8.0+cpu
2025-09-08 19:29:49 | INFO     | DF | Running on host DESKTOP-Q7018BG
2025-09-08 19:29:49 | INFO     | DF | Loading model settings of DeepFilterNet3
2025-09-08 19:29:49 | INFO     | DF | Using DeepFilterNet3 model at C:\Users\dell\AppData\Local\DeepFilterNet\DeepFilterNet\Cache\DeepFilterNet3
2025-09-08 19:29:49 | INFO     | DF | Initializing model `deepfilternet3`
2025-09-08 19:29:49 | INFO     | DF | Found checkpoint C:\Users\dell\AppData\Local\DeepFilterNet\DeepFilterNet\Cache\DeepFilterNet3\checkpoints\model_120.ckpt.best with epoch 120
2025-09-08 19:29:49 | INFO     | DF | Running on device cpu
2025-09-08 19:29:49 | INFO     | DF | Model loaded
2025-09-08 19:39:59 | INFO     | DF | Running on torch 2.8.0+cpu
2025-09-08 19:39:59 | INFO     | DF | Running on host DESKTOP-Q7018BG
2025-09-08 19:39:59 | INFO     | DF | Loading model settings of DeepFilterNet3
2025-09-08 19:39:59 | INFO     | DF | Using DeepFilterNet3 model at C:\Users\dell\AppData\Local\DeepFilterNet\DeepFilterNet\Cache\DeepFilterNet3
2025-09-08 19:39:59 | INFO     | DF | Initializing model `deepfilternet3`
2025-09-08 19:39:59 | INFO     | DF | Found checkpoint C:\Users\dell\AppData\Local\DeepFilterNet\DeepFilterNet\Cache\DeepFilterNet3\checkpoints\model_120.ckpt.best with epoch 120
2025-09-08 19:39:59 | INFO     | DF | Running on device cpu
2025-09-08 19:39:59 | INFO     | DF | Model loaded
2025-09-08 19:40:57 | INFO     | DF | Running on torch 2.8.0+cpu
2025-09-08 19:40:57 | INFO     | DF | Running on host DESKTOP-Q7018BG
2025-09-08 19:40:57 | INFO     | DF | Loading model settings of DeepFilterNet3
2025-09-08 19:40:57 | INFO     | DF | Using DeepFilterNet3 model at C:\Users\dell\AppData\Local\DeepFilterNet\DeepFilterNet\Cache\DeepFilterNet3
2025-09-08 19:40:57 | INFO     | DF | Initializing model `deepfilternet3`
2025-09-08 19:40:57 | INFO     | DF | Found checkpoint C:\Users\dell\AppData\Local\DeepFilterNet\DeepFilterNet\Cache\DeepFilterNet3\checkpoints\model_120.ckpt.best with epoch 120
2025-09-08 19:40:57 | INFO     | DF | Running on device cpu
2025-09-08 19:40:57 | INFO     | DF | Model loaded
2025-09-08 21:33:14 | INFO     | DF | Running on torch 2.8.0+cpu
2025-09-08 21:33:14 | INFO     | DF | Running on host DESKTOP-Q7018BG
2025-09-08 21:33:15 | INFO     | DF | Loading model settings of DeepFilterNet3
2025-09-08 21:33:15 | INFO     | DF | Initializing model `deepfilternet3`
2025-09-08 21:33:15 | INFO     | DF | Found checkpoint D:\krispalternative\cancellationfolder\modelfolder\DeepFilterNet3\checkpoints\model_120.ckpt.best with epoch 120
2025-09-08 21:33:15 | INFO     | DF | Running on device cpu
2025-09-08 21:33:15 | INFO     | DF | Model loaded
2025-09-08 21:52:52 | INFO     | DF | Running on torch 2.8.0+cpu
2025-09-08 21:52:52 | INFO     | DF | Running on host DESKTOP-Q7018BG
2025-09-08 21:52:53 | INFO     | DF | Loading model settings of DeepFilterNet3
2025-09-08 21:52:53 | INFO     | DF | Initializing model `deepfilternet3`
2025-09-08 21:52:53 | INFO     | DF | Found checkpoint C:\Users\dell\Downloads\krisp_in_danger\cancellationfolder\modelfolder\DeepFilterNet3\checkpoints\model_120.ckpt.best with epoch 120
2025-09-08 21:52:53 | INFO     | DF | Running on device cpu
2025-09-08 21:52:53 | INFO     | DF | Model loaded
2025-09-11 13:06:56 | INFO     | DF | Running on torch 2.8.0+cpu
2025-09-11 13:06:56 | INFO     | DF | Running on host DESKTOP-Q7018BG
2025-09-11 13:06:56 | INFO     | DF | Loading model settings of DeepFilterNet3
2025-09-11 13:06:56 | INFO     | DF | Initializing model `deepfilternet3`
2025-09-11 13:06:56 | INFO     | DF | Found checkpoint D:\krispalternative\DeepFilterNet3\checkpoints\model_120.ckpt.best with epoch 120
2025-09-11 13:06:56 | INFO     | DF | Running on device cpu
2025-09-11 13:06:56 | INFO     | DF | Model loaded
2025-09-11 14:00:05 | INFO     | DF | Running on torch 2.8.0+cpu
2025-09-11 14:00:05 | INFO     | DF | Running on host DESKTOP-Q7018BG
2025-09-11 14:00:05 | INFO     | DF | Git commit: dummy_hash, branch: dummy_hash
2025-09-11 14:00:05 | INFO     | DF | Loading model settings of DeepFilterNet3
2025-09-11 14:00:05 | INFO     | DF | Initializing model `deepfilternet3`
2025-09-11 14:00:05 | INFO     | DF | Found checkpoint D:\krispalternative\DeepFilterNet3\checkpoints\model_120.ckpt.best with epoch 120
2025-09-11 14:00:05 | INFO     | DF | Running on device cpu
2025-09-11 14:00:05 | INFO     | DF | Model loaded
2025-09-11 21:52:21 | INFO     | DF | Running on torch 2.8.0+cpu
2025-09-11 21:52:21 | INFO     | DF | Running on host DESKTOP-Q7018BG
2025-09-11 21:52:21 | INFO     | DF | Loading model settings of DeepFilterNet3
2025-09-11 21:52:21 | INFO     | DF | Initializing model `deepfilternet3`
2025-09-11 21:52:21 | INFO     | DF | Found checkpoint D:\krispalternative\DeepFilterNet3\checkpoints\model_120.ckpt.best with epoch 120
2025-09-11 21:52:21 | INFO     | DF | Running on device cpu
2025-09-11 21:52:21 | INFO     | DF | Model loaded
2025-09-11 22:41:11 | INFO     | DF | Running on torch 2.8.0+cpu
2025-09-11 22:41:11 | INFO     | DF | Running on host DESKTOP-Q7018BG
2025-09-11 22:41:11 | INFO     | DF | Loading model settings of DeepFilterNet3
2025-09-11 22:41:11 | INFO     | DF | Initializing model `deepfilternet3`
2025-09-11 22:41:11 | INFO     | DF | Found checkpoint D:\krispalternative\DeepFilterNet3\checkpoints\model_120.ckpt.best with epoch 120
2025-09-11 22:41:11 | INFO     | DF | Running on device cpu
2025-09-11 22:41:11 | INFO     | DF | Model loaded
2025-09-12 12:31:56 | INFO     | DF | Running on torch 2.8.0+cpu
2025-09-12 12:31:56 | INFO     | DF | Running on host DESKTOP-Q7018BG
2025-09-12 12:31:56 | INFO     | DF | Loading model settings of DeepFilterNet3
2025-09-12 12:31:56 | INFO     | DF | Initializing model `deepfilternet3`
2025-09-12 12:31:56 | INFO     | DF | Found checkpoint d:\krispalternative\DeepFilterNet3\checkpoints\model_120.ckpt.best with epoch 120
2025-09-12 12:31:56 | INFO     | DF | Running on device cpu
2025-09-12 12:31:56 | INFO     | DF | Model loaded
2025-09-12 12:36:08 | INFO     | DF | Running on torch 2.8.0+cpu
2025-09-12 12:36:08 | INFO     | DF | Running on host DESKTOP-Q7018BG
2025-09-12 12:36:08 | INFO     | DF | Loading model settings of DeepFilterNet3
2025-09-12 12:36:08 | INFO     | DF | Initializing model `deepfilternet3`
2025-09-12 12:36:08 | INFO     | DF | Found checkpoint d:\krispalternative\DeepFilterNet3\checkpoints\model_120.ckpt.best with epoch 120
2025-09-12 12:36:09 | INFO     | DF | Running on device cpu
2025-09-12 12:36:09 | INFO     | DF | Model loaded
2025-09-12 13:11:12 | INFO     | DF | Running on torch 2.8.0+cpu
2025-09-12 13:11:12 | INFO     | DF | Running on host DESKTOP-Q7018BG
2025-09-12 13:11:12 | INFO     | DF | Loading model settings of DeepFilterNet3
2025-09-12 13:11:12 | INFO     | DF | Initializing model `deepfilternet3`
2025-09-12 13:11:12 | INFO     | DF | Found checkpoint d:\krispalternative\DeepFilterNet3\checkpoints\model_120.ckpt.best with epoch 120
2025-09-12 13:11:12 | INFO     | DF | Running on device cpu
2025-09-12 13:11:12 | INFO     | DF | Model loaded
2025-09-12 14:26:32 | INFO     | DF | Running on torch 2.8.0+cpu
2025-09-12 14:26:32 | INFO     | DF | Running on host DESKTOP-Q7018BG
2025-09-12 14:26:33 | INFO     | DF | Loading model settings of DeepFilterNet3
2025-09-12 14:26:33 | INFO     | DF | Initializing model `deepfilternet3`
2025-09-12 14:26:33 | INFO     | DF | Found checkpoint d:\krispalternative\DeepFilterNet3\checkpoints\model_120.ckpt.best with epoch 120
2025-09-12 14:26:33 | INFO     | DF | Running on device cpu
2025-09-12 14:26:33 | INFO     | DF | Model loaded
2025-09-12 16:23:57 | INFO     | DF | Running on torch 2.8.0+cpu
2025-09-12 16:23:57 | INFO     | DF | Running on host DESKTOP-Q7018BG
2025-09-12 16:23:57 | INFO     | DF | Loading model settings of DeepFilterNet3
2025-09-12 16:23:57 | INFO     | DF | Initializing model `deepfilternet3`
2025-09-12 16:23:57 | INFO     | DF | Found checkpoint d:\krispalternative\DeepFilterNet3\checkpoints\model_120.ckpt.best with epoch 120
2025-09-12 16:23:57 | INFO     | DF | Running on device cpu
2025-09-12 16:23:57 | INFO     | DF | Model loaded
2025-09-12 16:26:55 | INFO     | DF | Running on torch 2.8.0+cpu
2025-09-12 16:26:55 | INFO     | DF | Running on host DESKTOP-Q7018BG
2025-09-12 16:26:55 | INFO     | DF | Loading model settings of DeepFilterNet3
2025-09-12 16:26:55 | INFO     | DF | Initializing model `deepfilternet3`
2025-09-12 16:26:55 | INFO     | DF | Found checkpoint d:\krispalternative\DeepFilterNet3\checkpoints\model_120.ckpt.best with epoch 120
2025-09-12 16:26:55 | INFO     | DF | Running on device cpu
2025-09-12 16:26:55 | INFO     | DF | Model loaded
2025-09-12 16:34:40 | INFO     | DF | Running on torch 2.8.0+cpu
2025-09-12 16:34:40 | INFO     | DF | Running on host DESKTOP-Q7018BG
2025-09-12 16:34:40 | INFO     | DF | Loading model settings of DeepFilterNet3
2025-09-12 16:34:40 | INFO     | DF | Initializing model `deepfilternet3`
2025-09-12 16:34:41 | INFO     | DF | Found checkpoint d:\krispalternative\DeepFilterNet3\checkpoints\model_120.ckpt.best with epoch 120
2025-09-12 16:34:41 | INFO     | DF | Running on device cpu
2025-09-12 16:34:41 | INFO     | DF | Model loaded
2025-09-12 16:35:35 | INFO     | DF | Running on torch 2.8.0+cpu
2025-09-12 16:35:35 | INFO     | DF | Running on host DESKTOP-Q7018BG
2025-09-12 16:35:35 | INFO     | DF | Loading model settings of DeepFilterNet3
2025-09-12 16:35:35 | INFO     | DF | Initializing model `deepfilternet3`
2025-09-12 16:35:35 | INFO     | DF | Found checkpoint d:\krispalternative\DeepFilterNet3\checkpoints\model_120.ckpt.best with epoch 120
2025-09-12 16:35:35 | INFO     | DF | Running on device cpu
2025-09-12 16:35:35 | INFO     | DF | Model loaded
2025-09-12 16:52:53 | INFO     | DF | Running on torch 2.8.0+cpu
2025-09-12 16:52:53 | INFO     | DF | Running on host DESKTOP-Q7018BG
2025-09-12 16:52:53 | INFO     | DF | Loading model settings of DeepFilterNet3
2025-09-12 16:52:53 | INFO     | DF | Initializing model `deepfilternet3`
2025-09-12 16:52:53 | INFO     | DF | Found checkpoint d:\krispalternative\DeepFilterNet3\checkpoints\model_120.ckpt.best with epoch 120
2025-09-12 16:52:53 | INFO     | DF | Running on device cpu
2025-09-12 16:52:53 | INFO     | DF | Model loaded
2025-09-12 18:10:15 | INFO     | DF | Running on torch 2.8.0+cpu
2025-09-12 18:10:15 | INFO     | DF | Running on host DESKTOP-Q7018BG
2025-09-12 18:10:15 | INFO     | DF | Loading model settings of DeepFilterNet3
2025-09-12 18:10:15 | INFO     | DF | Initializing model `deepfilternet3`
2025-09-12 18:10:15 | INFO     | DF | Found checkpoint d:\krispalternative\DeepFilterNet3\checkpoints\model_120.ckpt.best with epoch 120
2025-09-12 18:10:15 | INFO     | DF | Running on device cpu
2025-09-12 18:10:15 | INFO     | DF | Model loaded
2025-09-12 18:10:27 | INFO     | DF | Running on torch 2.8.0+cpu
2025-09-12 18:10:27 | INFO     | DF | Running on host DESKTOP-Q7018BG
2025-09-12 18:10:27 | INFO     | DF | Loading model settings of DeepFilterNet3
2025-09-12 18:10:27 | INFO     | DF | Initializing model `deepfilternet3`
2025-09-12 18:10:27 | INFO     | DF | Found checkpoint d:\krispalternative\DeepFilterNet3\checkpoints\model_120.ckpt.best with epoch 120
2025-09-12 18:10:27 | INFO     | DF | Running on device cpu
2025-09-12 18:10:27 | INFO     | DF | Model loaded
2025-09-12 19:36:41 | INFO     | DF | Running on torch 2.8.0+cpu
2025-09-12 19:36:41 | INFO     | DF | Running on host DESKTOP-Q7018BG
2025-09-12 19:36:41 | INFO     | DF | Loading model settings of DeepFilterNet3
2025-09-12 19:36:41 | INFO     | DF | Initializing model `deepfilternet3`
2025-09-12 19:36:41 | INFO     | DF | Found checkpoint d:\krispalternative\DeepFilterNet3\checkpoints\model_120.ckpt.best with epoch 120
2025-09-12 19:36:41 | INFO     | DF | Running on device cpu
2025-09-12 19:36:41 | INFO     | DF | Model loaded
2025-09-12 19:38:51 | INFO     | DF | Running on torch 2.8.0+cpu
2025-09-12 19:38:51 | INFO     | DF | Running on host DESKTOP-Q7018BG
2025-09-12 19:38:51 | INFO     | DF | Loading model settings of DeepFilterNet3
2025-09-12 19:38:51 | INFO     | DF | Initializing model `deepfilternet3`
2025-09-12 19:38:51 | INFO     | DF | Found checkpoint d:\krispalternative\DeepFilterNet3\checkpoints\model_120.ckpt.best with epoch 120
2025-09-12 19:38:51 | INFO     | DF | Running on device cpu
2025-09-12 19:38:51 | INFO     | DF | Model loaded
2025-09-12 19:40:56 | INFO     | DF | Running on torch 2.8.0+cpu
2025-09-12 19:40:56 | INFO     | DF | Running on host DESKTOP-Q7018BG
2025-09-12 19:40:56 | INFO     | DF | Loading model settings of DeepFilterNet3
2025-09-12 19:40:56 | INFO     | DF | Initializing model `deepfilternet3`
2025-09-12 19:40:56 | INFO     | DF | Found checkpoint d:\krispalternative\DeepFilterNet3\checkpoints\model_120.ckpt.best with epoch 120
2025-09-12 19:40:56 | INFO     | DF | Running on device cpu
2025-09-12 19:40:56 | INFO     | DF | Model loaded
2025-09-12 19:44:42 | INFO     | DF | Running on torch 2.8.0+cpu
2025-09-12 19:44:42 | INFO     | DF | Running on host DESKTOP-Q7018BG
2025-09-12 19:44:42 | INFO     | DF | Loading model settings of DeepFilterNet3
2025-09-12 19:44:42 | INFO     | DF | Initializing model `deepfilternet3`
2025-09-12 19:44:42 | INFO     | DF | Found checkpoint d:\krispalternative\DeepFilterNet3\checkpoints\model_120.ckpt.best with epoch 120
2025-09-12 19:44:42 | INFO     | DF | Running on device cpu
2025-09-12 19:44:42 | INFO     | DF | Model loaded
2025-09-12 19:50:38 | INFO     | DF | Running on torch 2.8.0+cpu
2025-09-12 19:50:38 | INFO     | DF | Running on host DESKTOP-Q7018BG
2025-09-12 19:50:38 | INFO     | DF | Loading model settings of DeepFilterNet3
2025-09-12 19:50:38 | INFO     | DF | Initializing model `deepfilternet3`
2025-09-12 19:50:38 | INFO     | DF | Found checkpoint d:\krispalternative\DeepFilterNet3\checkpoints\model_120.ckpt.best with epoch 120
2025-09-12 19:50:38 | INFO     | DF | Running on device cpu
2025-09-12 19:50:38 | INFO     | DF | Model loaded
2025-09-12 19:52:42 | INFO     | DF | Running on torch 2.8.0+cpu
2025-09-12 19:52:42 | INFO     | DF | Running on host DESKTOP-Q7018BG
2025-09-12 19:52:42 | INFO     | DF | Loading model settings of DeepFilterNet3
2025-09-12 19:52:42 | INFO     | DF | Initializing model `deepfilternet3`
2025-09-12 19:52:43 | INFO     | DF | Found checkpoint d:\krispalternative\DeepFilterNet3\checkpoints\model_120.ckpt.best with epoch 120
2025-09-12 19:52:43 | INFO     | DF | Running on device cpu
2025-09-12 19:52:43 | INFO     | DF | Model loaded
2025-09-12 19:54:23 | INFO     | DF | Running on torch 2.8.0+cpu
2025-09-12 19:54:23 | INFO     | DF | Running on host DESKTOP-Q7018BG
2025-09-12 19:54:23 | INFO     | DF | Loading model settings of DeepFilterNet3
2025-09-12 19:54:23 | INFO     | DF | Initializing model `deepfilternet3`
2025-09-12 19:54:23 | INFO     | DF | Found checkpoint d:\krispalternative\DeepFilterNet3\checkpoints\model_120.ckpt.best with epoch 120
2025-09-12 19:54:23 | INFO     | DF | Running on device cpu
2025-09-12 19:54:23 | INFO     | DF | Model loaded
2025-09-12 19:55:46 | INFO     | DF | Running on torch 2.8.0+cpu
2025-09-12 19:55:46 | INFO     | DF | Running on host DESKTOP-Q7018BG
2025-09-12 19:55:46 | INFO     | DF | Loading model settings of DeepFilterNet3
2025-09-12 19:55:46 | INFO     | DF | Initializing model `deepfilternet3`
2025-09-12 19:55:46 | INFO     | DF | Found checkpoint d:\krispalternative\DeepFilterNet3\checkpoints\model_120.ckpt.best with epoch 120
2025-09-12 19:55:46 | INFO     | DF | Running on device cpu
2025-09-12 19:55:46 | INFO     | DF | Model loaded
2025-09-12 19:56:56 | INFO     | DF | Running on torch 2.8.0+cpu
2025-09-12 19:56:56 | INFO     | DF | Running on host DESKTOP-Q7018BG
2025-09-12 19:56:56 | INFO     | DF | Loading model settings of DeepFilterNet3
2025-09-12 19:56:56 | INFO     | DF | Initializing model `deepfilternet3`
2025-09-12 19:56:57 | INFO     | DF | Found checkpoint d:\krispalternative\DeepFilterNet3\checkpoints\model_120.ckpt.best with epoch 120
2025-09-12 19:56:57 | INFO     | DF | Running on device cpu
2025-09-12 19:56:57 | INFO     | DF | Model loaded
2025-09-12 20:07:36 | INFO     | DF | Running on torch 2.8.0+cpu
2025-09-12 20:07:36 | INFO     | DF | Running on host DESKTOP-Q7018BG
2025-09-12 20:07:36 | INFO     | DF | Loading model settings of DeepFilterNet3
2025-09-12 20:07:36 | INFO     | DF | Initializing model `deepfilternet3`
2025-09-12 20:07:37 | INFO     | DF | Found checkpoint d:\krispalternative\DeepFilterNet3\checkpoints\model_120.ckpt.best with epoch 120
2025-09-12 20:07:37 | INFO     | DF | Running on device cpu
2025-09-12 20:07:37 | INFO     | DF | Model loaded
2025-09-12 20:17:23 | INFO     | DF | Running on torch 2.8.0+cpu
2025-09-12 20:17:23 | INFO     | DF | Running on host DESKTOP-Q7018BG
2025-09-12 20:17:23 | INFO     | DF | Loading model settings of DeepFilterNet3
2025-09-12 20:17:23 | INFO     | DF | Initializing model `deepfilternet3`
2025-09-12 20:17:23 | INFO     | DF | Found checkpoint d:\krispalternative\DeepFilterNet3\checkpoints\model_120.ckpt.best with epoch 120
2025-09-12 20:17:23 | INFO     | DF | Running on device cpu
2025-09-12 20:17:23 | INFO     | DF | Model loaded
2025-09-12 20:19:10 | INFO     | DF | Running on torch 2.8.0+cpu
2025-09-12 20:19:10 | INFO     | DF | Running on host DESKTOP-Q7018BG
2025-09-12 20:19:10 | INFO     | DF | Loading model settings of DeepFilterNet3
2025-09-12 20:19:10 | INFO     | DF | Initializing model `deepfilternet3`
2025-09-12 20:19:10 | INFO     | DF | Found checkpoint d:\krispalternative\DeepFilterNet3\checkpoints\model_120.ckpt.best with epoch 120
2025-09-12 20:19:10 | INFO     | DF | Running on device cpu
2025-09-12 20:19:10 | INFO     | DF | Model loaded
2025-09-15 12:52:20 | INFO     | DF | Running on torch 2.8.0+cpu
2025-09-15 12:52:20 | INFO     | DF | Running on host DESKTOP-Q7018BG
2025-09-15 12:52:21 | INFO     | DF | Loading model settings of DeepFilterNet3
2025-09-15 12:52:21 | INFO     | DF | Initializing model `deepfilternet3`
2025-09-15 12:52:21 | INFO     | DF | Found checkpoint d:\krispalternative\DeepFilterNet3\checkpoints\model_120.ckpt.best with epoch 120
2025-09-15 12:52:21 | INFO     | DF | Running on device cpu
2025-09-15 12:52:21 | INFO     | DF | Model loaded
2025-09-15 12:54:55 | INFO     | DF | Running on torch 2.8.0+cpu
2025-09-15 12:54:55 | INFO     | DF | Running on host DESKTOP-Q7018BG
2025-09-15 12:54:55 | INFO     | DF | Loading model settings of DeepFilterNet3
2025-09-15 12:54:55 | INFO     | DF | Initializing model `deepfilternet3`
2025-09-15 12:54:55 | INFO     | DF | Found checkpoint d:\krispalternative\DeepFilterNet3\checkpoints\model_120.ckpt.best with epoch 120
2025-09-15 12:54:55 | INFO     | DF | Running on device cpu
2025-09-15 12:54:55 | INFO     | DF | Model loaded
2025-09-15 12:56:01 | INFO     | DF | Running on torch 2.8.0+cpu
2025-09-15 12:56:01 | INFO     | DF | Running on host DESKTOP-Q7018BG
2025-09-15 12:56:01 | INFO     | DF | Loading model settings of DeepFilterNet3
2025-09-15 12:56:01 | INFO     | DF | Initializing model `deepfilternet3`
2025-09-15 12:56:01 | INFO     | DF | Found checkpoint d:\krispalternative\DeepFilterNet3\checkpoints\model_120.ckpt.best with epoch 120
2025-09-15 12:56:01 | INFO     | DF | Running on device cpu
2025-09-15 12:56:01 | INFO     | DF | Model loaded
2025-09-15 12:56:47 | INFO     | DF | Running on torch 2.8.0+cpu
2025-09-15 12:56:47 | INFO     | DF | Running on host DESKTOP-Q7018BG
2025-09-15 12:56:47 | INFO     | DF | Loading model settings of DeepFilterNet3
2025-09-15 12:56:47 | INFO     | DF | Initializing model `deepfilternet3`
2025-09-15 12:56:47 | INFO     | DF | Found checkpoint d:\krispalternative\DeepFilterNet3\checkpoints\model_120.ckpt.best with epoch 120
2025-09-15 12:56:47 | INFO     | DF | Running on device cpu
2025-09-15 12:56:47 | INFO     | DF | Model loaded
2025-09-15 13:22:54 | INFO     | DF | Running on torch 2.8.0+cpu
2025-09-15 13:22:54 | INFO     | DF | Running on host DESKTOP-Q7018BG
2025-09-15 13:22:54 | INFO     | DF | Loading model settings of DeepFilterNet3
2025-09-15 13:22:54 | INFO     | DF | Initializing model `deepfilternet3`
2025-09-15 13:22:54 | INFO     | DF | Found checkpoint d:\krispalternative\DeepFilterNet3\checkpoints\model_120.ckpt.best with epoch 120
2025-09-15 13:22:54 | INFO     | DF | Running on device cpu
2025-09-15 13:22:54 | INFO     | DF | Model loaded
2025-09-15 13:24:10 | INFO     | DF | Running on torch 2.8.0+cpu
2025-09-15 13:24:10 | INFO     | DF | Running on host DESKTOP-Q7018BG
2025-09-15 13:24:10 | INFO     | DF | Loading model settings of DeepFilterNet3
2025-09-15 13:24:10 | INFO     | DF | Initializing model `deepfilternet3`
2025-09-15 13:24:10 | INFO     | DF | Found checkpoint d:\krispalternative\DeepFilterNet3\checkpoints\model_120.ckpt.best with epoch 120
2025-09-15 13:24:11 | INFO     | DF | Running on device cpu
2025-09-15 13:24:11 | INFO     | DF | Model loaded
2025-09-15 13:42:09 | INFO     | DF | Running on torch 2.8.0+cpu
2025-09-15 13:42:09 | INFO     | DF | Running on host DESKTOP-Q7018BG
2025-09-15 13:42:10 | INFO     | DF | Loading model settings of DeepFilterNet3
2025-09-15 13:42:10 | INFO     | DF | Initializing model `deepfilternet3`
2025-09-15 13:42:10 | INFO     | DF | Found checkpoint d:\krispalternative\DeepFilterNet3\checkpoints\model_120.ckpt.best with epoch 120
2025-09-15 13:42:10 | INFO     | DF | Running on device cpu
2025-09-15 13:42:10 | INFO     | DF | Model loaded
2025-09-15 13:43:15 | INFO     | DF | Running on torch 2.8.0+cpu
2025-09-15 13:43:15 | INFO     | DF | Running on host DESKTOP-Q7018BG
2025-09-15 13:43:15 | INFO     | DF | Loading model settings of DeepFilterNet3
2025-09-15 13:43:15 | INFO     | DF | Initializing model `deepfilternet3`
2025-09-15 13:43:15 | INFO     | DF | Found checkpoint d:\krispalternative\DeepFilterNet3\checkpoints\model_120.ckpt.best with epoch 120
2025-09-15 13:43:15 | INFO     | DF | Running on device cpu
2025-09-15 13:43:15 | INFO     | DF | Model loaded
2025-09-15 13:43:44 | INFO     | DF | Running on torch 2.8.0+cpu
2025-09-15 13:43:44 | INFO     | DF | Running on host DESKTOP-Q7018BG
2025-09-15 13:43:44 | INFO     | DF | Loading model settings of DeepFilterNet3
2025-09-15 13:43:44 | INFO     | DF | Initializing model `deepfilternet3`
2025-09-15 13:43:44 | INFO     | DF | Found checkpoint d:\krispalternative\DeepFilterNet3\checkpoints\model_120.ckpt.best with epoch 120
2025-09-15 13:43:44 | INFO     | DF | Running on device cpu
2025-09-15 13:43:44 | INFO     | DF | Model loaded
2025-09-15 13:45:43 | INFO     | DF | Running on torch 2.8.0+cpu
2025-09-15 13:45:43 | INFO     | DF | Running on host DESKTOP-Q7018BG
2025-09-15 13:45:43 | INFO     | DF | Loading model settings of DeepFilterNet3
2025-09-15 13:45:43 | INFO     | DF | Initializing model `deepfilternet3`
2025-09-15 13:45:43 | INFO     | DF | Found checkpoint d:\krispalternative\DeepFilterNet3\checkpoints\model_120.ckpt.best with epoch 120
2025-09-15 13:45:43 | INFO     | DF | Running on device cpu
2025-09-15 13:45:43 | INFO     | DF | Model loaded
2025-09-15 13:46:35 | INFO     | DF | Running on torch 2.8.0+cpu
2025-09-15 13:46:35 | INFO     | DF | Running on host DESKTOP-Q7018BG
2025-09-15 13:46:35 | INFO     | DF | Loading model settings of DeepFilterNet3
2025-09-15 13:46:35 | INFO     | DF | Initializing model `deepfilternet3`
2025-09-15 13:46:35 | INFO     | DF | Found checkpoint d:\krispalternative\DeepFilterNet3\checkpoints\model_120.ckpt.best with epoch 120
2025-09-15 13:46:36 | INFO     | DF | Running on device cpu
2025-09-15 13:46:36 | INFO     | DF | Model loaded
2025-09-15 13:50:27 | INFO     | DF | Running on torch 2.8.0+cpu
2025-09-15 13:50:27 | INFO     | DF | Running on host DESKTOP-Q7018BG
2025-09-15 13:50:27 | INFO     | DF | Loading model settings of DeepFilterNet3
2025-09-15 13:50:27 | INFO     | DF | Initializing model `deepfilternet3`
2025-09-15 13:50:28 | INFO     | DF | Found checkpoint d:\krispalternative\DeepFilterNet3\checkpoints\model_120.ckpt.best with epoch 120
2025-09-15 13:50:28 | INFO     | DF | Running on device cpu
2025-09-15 13:50:28 | INFO     | DF | Model loaded
2025-09-15 13:53:40 | INFO     | DF | Running on torch 2.8.0+cpu
2025-09-15 13:53:40 | INFO     | DF | Running on host DESKTOP-Q7018BG
2025-09-15 13:53:40 | INFO     | DF | Loading model settings of DeepFilterNet3
2025-09-15 13:53:40 | INFO     | DF | Initializing model `deepfilternet3`
2025-09-15 13:53:40 | INFO     | DF | Found checkpoint d:\krispalternative\DeepFilterNet3\checkpoints\model_120.ckpt.best with epoch 120
2025-09-15 13:53:40 | INFO     | DF | Running on device cpu
2025-09-15 13:53:40 | INFO     | DF | Model loaded
2025-09-15 14:33:23 | INFO     | DF | Running on torch 2.8.0+cpu
2025-09-15 14:33:23 | INFO     | DF | Running on host DESKTOP-Q7018BG
2025-09-15 14:33:23 | INFO     | DF | Loading model settings of DeepFilterNet3
2025-09-15 14:33:23 | INFO     | DF | Initializing model `deepfilternet3`
2025-09-15 14:33:24 | INFO     | DF | Found checkpoint d:\krispalternative\DeepFilterNet3\checkpoints\model_120.ckpt.best with epoch 120
2025-09-15 14:33:24 | INFO     | DF | Running on device cpu
2025-09-15 14:33:24 | INFO     | DF | Model loaded
2025-09-15 18:23:33 | INFO     | DF | Running on torch 2.8.0+cpu
2025-09-15 18:23:33 | INFO     | DF | Running on host DESKTOP-Q7018BG
2025-09-15 18:23:33 | INFO     | DF | Loading model settings of DeepFilterNet3
2025-09-15 18:23:33 | INFO     | DF | Initializing model `deepfilternet3`
2025-09-15 18:23:33 | INFO     | DF | Found checkpoint d:\krispalternative\DeepFilterNet3\checkpoints\model_120.ckpt.best with epoch 120
2025-09-15 18:23:33 | INFO     | DF | Running on device cpu
2025-09-15 18:23:33 | INFO     | DF | Model loaded
